 
****************************************
Report : timing
        -path full
        -delay max
        -max_paths 1
Design : counter
Version: K-2015.06-SP1
Date   : Thu Sep 17 19:57:31 2015
****************************************

Operating Conditions: typical   Library: NangateOpenCellLibrary_PDKv1_2_v2008_10_typical_nldm
Wire Load Model Mode: top

  Startpoint: latch (input port clocked by clock)
  Endpoint: value_reg_0_
            (rising edge-triggered flip-flop clocked by clock)
  Path Group: clock
  Path Type: max

  Point                                    Incr       Path
  -----------------------------------------------------------
  clock clock (rise edge)                0.0000     0.0000
  clock network delay (ideal)            0.0000     0.0000
  input external delay                   0.6580     0.6580 f
  latch (in)                             0.0560     0.7140 f
  U37/ZN (NOR3_X1)                       0.3121     1.0260 r
  U19/ZN (NOR3_X2)                       0.0440     1.0700 f
  U38/ZN (AOI22_X2)                      0.1138     1.1838 r
  U17/ZN (OAI221_X2)                     0.0624     1.2462 f
  value_reg_0_/D (DFF_X1)                0.0000     1.2462 f
  data arrival time                                 1.2462

  clock clock (rise edge)               10.0000    10.0000
  clock network delay (ideal)            0.0000    10.0000
  clock uncertainty                     -0.0500     9.9500
  value_reg_0_/CK (DFF_X1)               0.0000     9.9500 r
  library setup time                    -0.0695     9.8805
  data required time                                9.8805
  -----------------------------------------------------------
  data required time                                9.8805
  data arrival time                                -1.2462
  -----------------------------------------------------------
  slack (MET)                                       8.6343


1
