 
****************************************
Report : cell
Design : fsm
Version: K-2015.06-SP1
Date   : Fri Sep 18 21:25:09 2015
****************************************

Attributes:
    b - black box (unknown)
    h - hierarchical
    n - noncombinational
    r - removable
    u - contains unmapped logic

Cell                      Reference       Library             Area  Attributes
--------------------------------------------------------------------------------
U3                        NOR2_X2         NangateOpenCellLibrary_PDKv1_2_v2008_10_slow_nldm
                                                            0.7980  
U4                        XNOR2_X2        NangateOpenCellLibrary_PDKv1_2_v2008_10_slow_nldm
                                                            1.5960  
U12                       OAI22_X2        NangateOpenCellLibrary_PDKv1_2_v2008_10_slow_nldm
                                                            1.3300  
U13                       INV_X4          NangateOpenCellLibrary_PDKv1_2_v2008_10_slow_nldm
                                                            0.5320  
U23                       AND2_X4         NangateOpenCellLibrary_PDKv1_2_v2008_10_slow_nldm
                                                            1.0640  
U24                       AND2_X4         NangateOpenCellLibrary_PDKv1_2_v2008_10_slow_nldm
                                                            1.0640  
U25                       AND2_X4         NangateOpenCellLibrary_PDKv1_2_v2008_10_slow_nldm
                                                            1.0640  
U26                       AND2_X4         NangateOpenCellLibrary_PDKv1_2_v2008_10_slow_nldm
                                                            1.0640  
U27                       AND2_X4         NangateOpenCellLibrary_PDKv1_2_v2008_10_slow_nldm
                                                            1.0640  
U28                       AND2_X4         NangateOpenCellLibrary_PDKv1_2_v2008_10_slow_nldm
                                                            1.0640  
U29                       AND2_X4         NangateOpenCellLibrary_PDKv1_2_v2008_10_slow_nldm
                                                            1.0640  
U30                       XOR2_X1         NangateOpenCellLibrary_PDKv1_2_v2008_10_slow_nldm
                                                            1.5960  
U31                       XOR2_X1         NangateOpenCellLibrary_PDKv1_2_v2008_10_slow_nldm
                                                            1.5960  
U32                       XOR2_X1         NangateOpenCellLibrary_PDKv1_2_v2008_10_slow_nldm
                                                            1.5960  
U33                       XOR2_X1         NangateOpenCellLibrary_PDKv1_2_v2008_10_slow_nldm
                                                            1.5960  
U34                       XOR2_X1         NangateOpenCellLibrary_PDKv1_2_v2008_10_slow_nldm
                                                            1.5960  
U35                       AND2_X4         NangateOpenCellLibrary_PDKv1_2_v2008_10_slow_nldm
                                                            1.0640  
U36                       XOR2_X1         NangateOpenCellLibrary_PDKv1_2_v2008_10_slow_nldm
                                                            1.5960  
U37                       XOR2_X1         NangateOpenCellLibrary_PDKv1_2_v2008_10_slow_nldm
                                                            1.5960  
U38                       AND2_X4         NangateOpenCellLibrary_PDKv1_2_v2008_10_slow_nldm
                                                            1.0640  
current_state_reg         DFFR_X2         NangateOpenCellLibrary_PDKv1_2_v2008_10_slow_nldm
                                                            5.5860  n
outcell_reg[0]            DFF_X2          NangateOpenCellLibrary_PDKv1_2_v2008_10_slow_nldm
                                                            4.7880  n
outcell_reg[1]            DFF_X2          NangateOpenCellLibrary_PDKv1_2_v2008_10_slow_nldm
                                                            4.7880  n
outcell_reg[2]            DFF_X2          NangateOpenCellLibrary_PDKv1_2_v2008_10_slow_nldm
                                                            4.7880  n
outcell_reg[3]            DFF_X2          NangateOpenCellLibrary_PDKv1_2_v2008_10_slow_nldm
                                                            4.7880  n
outcell_reg[4]            DFF_X2          NangateOpenCellLibrary_PDKv1_2_v2008_10_slow_nldm
                                                            4.7880  n
outcell_reg[5]            DFF_X2          NangateOpenCellLibrary_PDKv1_2_v2008_10_slow_nldm
                                                            4.7880  n
outcell_reg[6]            DFF_X2          NangateOpenCellLibrary_PDKv1_2_v2008_10_slow_nldm
                                                            4.7880  n
outcell_reg[7]            DFF_X2          NangateOpenCellLibrary_PDKv1_2_v2008_10_slow_nldm
                                                            4.7880  n
outcell_reg[8]            DFF_X2          NangateOpenCellLibrary_PDKv1_2_v2008_10_slow_nldm
                                                            4.7880  n
--------------------------------------------------------------------------------
Total 30 cells                                             73.6820
1
