Information: Updating design information... (UID-85)
 
****************************************
Report : timing
        -path full
        -delay max
        -max_paths 1
Design : top_without_mem
Version: K-2015.06-SP1
Date   : Wed Nov 18 02:38:41 2015
****************************************

Operating Conditions: slow   Library: NangateOpenCellLibrary_PDKv1_2_v2008_10_slow_nldm
Wire Load Model Mode: top

  Startpoint: WMReadBus1[64]
              (input port clocked by clock)
  Endpoint: uut1/out_reg_64_reg[20]
            (rising edge-triggered flip-flop clocked by clock)
  Path Group: clock
  Path Type: max

  Point                                    Incr       Path
  -----------------------------------------------------------
  clock clock (rise edge)                0.0000     0.0000
  clock network delay (ideal)            0.0000     0.0000
  input external delay                   4.6580     4.6580 r
  WMReadBus1[64] (in)                    0.0703     4.7283 r
  uut1/W1[64] (datapath)                 0.0000     4.7283 r
  uut1/U1427/ZN (NAND2_X2)               0.0759     4.8042 f
  uut1/U1423/ZN (OAI22_X2)               0.3380     5.1421 r
  uut1/U1269/ZN (NAND2_X2)               0.1052     5.2473 f
  uut1/U1139/ZN (INV_X2)                 0.0901     5.3374 r
  uut1/U1508/ZN (NOR2_X2)                0.0428     5.3802 f
  uut1/U1509/ZN (NOR3_X2)                0.1967     5.5769 r
  uut1/U1443/ZN (INV_X4)                 0.0413     5.6182 f
  uut1/U1603/ZN (NAND2_X2)               0.1010     5.7192 r
  uut1/U1367/ZN (NAND2_X2)               0.0736     5.7929 f
  uut1/U1258/ZN (AOI21_X2)               0.4206     6.2134 r
  uut1/U658/ZN (OAI211_X4)               0.1291     6.3426 f
  uut1/U659/ZN (NAND2_X2)                0.1323     6.4749 r
  uut1/U660/ZN (NAND3_X2)                0.1233     6.5982 f
  uut1/U600/ZN (AOI21_X4)                0.1583     6.7565 r
  uut1/U819/ZN (NAND2_X4)                0.1034     6.8599 f
  uut1/U822/ZN (NAND2_X4)                0.1524     7.0122 r
  uut1/U826/ZN (NAND4_X4)                0.1483     7.1605 f
  uut1/U605/ZN (OAI21_X4)                0.1731     7.3336 r
  uut1/U576/ZN (NOR2_X2)                 0.0901     7.4237 f
  uut1/U569/ZN (NOR2_X2)                 0.1835     7.6072 r
  uut1/U636/ZN (INV_X4)                  0.0500     7.6572 f
  uut1/U776/ZN (NAND2_X2)                0.1647     7.8219 r
  uut1/U831/ZN (NAND4_X4)                0.1498     7.9716 f
  uut1/U780/ZN (NAND4_X2)                0.2719     8.2435 r
  uut1/U782/ZN (NAND4_X2)                0.1528     8.3963 f
  uut1/U783/ZN (NAND3_X2)                0.2117     8.6080 r
  uut1/U648/ZN (NAND2_X2)                0.1176     8.7256 f
  uut1/U786/ZN (NAND4_X2)                0.2257     8.9513 r
  uut1/U787/ZN (NAND3_X2)                0.1354     9.0867 f
  uut1/U788/ZN (INV_X4)                  0.0800     9.1667 r
  uut1/U969/ZN (AOI22_X4)                0.0571     9.2238 f
  uut1/U961/ZN (OAI22_X2)                0.2621     9.4859 r
  uut1/U959/ZN (AOI22_X4)                0.1177     9.6035 f
  uut1/U942/ZN (INV_X4)                  0.1129     9.7164 r
  uut1/U940/ZN (AOI22_X4)                0.0605     9.7769 f
  uut1/U938/ZN (OAI22_X2)                0.2468    10.0237 r
  uut1/U926/ZN (AOI22_X4)                0.1270    10.1508 f
  uut1/U923/ZN (OAI22_X2)                0.2467    10.3975 r
  uut1/U909/ZN (AOI22_X4)                0.1182    10.5157 f
  uut1/U907/ZN (OAI22_X2)                0.2152    10.7309 r
  uut1/U905/ZN (AOI22_X2)                0.1306    10.8615 f
  uut1/U903/ZN (INV_X4)                  0.1022    10.9637 r
  uut1/U894/ZN (AOI22_X4)                0.0655    11.0292 f
  uut1/U892/ZN (INV_X4)                  0.1039    11.1331 r
  uut1/U884/ZN (AOI22_X4)                0.0627    11.1958 f
  uut1/U877/ZN (OAI22_X2)                0.2311    11.4269 r
  uut1/U870/ZN (AOI22_X2)                0.1490    11.5760 f
  uut1/U864/ZN (OAI22_X2)                0.3047    11.8807 r
  uut1/U849/ZN (AOI22_X4)                0.1184    11.9991 f
  uut1/U846/ZN (OAI22_X2)                0.2531    12.2522 r
  uut1/U842/ZN (AOI22_X4)                0.1313    12.3836 f
  uut1/U841/ZN (INV_X4)                  0.0912    12.4748 r
  uut1/U843/ZN (AOI22_X2)                0.0756    12.5504 f
  uut1/U1034/ZN (INV_X4)                 0.0896    12.6400 r
  uut1/U1032/ZN (AOI22_X2)               0.0639    12.7039 f
  uut1/U1024/ZN (INV_X4)                 0.1104    12.8143 r
  uut1/U1015/ZN (AOI22_X4)               0.0657    12.8801 f
  uut1/U1013/ZN (OAI22_X2)               0.2226    13.1027 r
  uut1/U1003/ZN (INV_X4)                 0.0744    13.1770 f
  uut1/U997/ZN (AOI211_X2)               0.4638    13.6409 r
  uut1/U995/ZN (INV_X4)                  0.0421    13.6830 f
  uut1/U990/ZN (NAND2_X2)                0.1656    13.8485 r
  uut1/U1011/ZN (AOI21_X4)               0.0957    13.9442 f
  uut1/U1270/ZN (OAI21_X2)               0.2862    14.2304 r
  uut1/U1228/ZN (AOI21_X2)               0.1523    14.3827 f
  uut1/U1290/ZN (OAI21_X2)               0.2740    14.6567 r
  uut1/U1281/ZN (INV_X4)                 0.0429    14.6996 f
  uut1/U1265/ZN (OAI21_X2)               0.2751    14.9746 r
  uut1/U1461/ZN (INV_X4)                 0.0432    15.0178 f
  uut1/U1291/ZN (OAI21_X2)               0.2448    15.2627 r
  uut1/U1095/ZN (NAND2_X2)               0.0813    15.3440 f
  uut1/U1100/ZN (NAND2_X2)               0.1269    15.4708 r
  uut1/U320/ZN (INV_X4)                  0.0531    15.5239 f
  uut1/U343/ZN (OAI21_X4)                0.1640    15.6879 r
  uut1/U305/ZN (OAI21_X4)                0.1443    15.8322 f
  uut1/U1169/ZN (INV_X2)                 0.1039    15.9361 r
  uut1/U1165/ZN (INV_X4)                 0.0553    15.9913 f
  uut1/U1167/ZN (INV_X16)                0.0808    16.0721 r
  uut1/U1730/Z (MUX2_X2)                 0.7396    16.8117 f
  uut1/out_reg_64_reg[20]/D (DFF_X2)     0.0000    16.8117 f
  data arrival time                                16.8117

  clock clock (rise edge)               17.5000    17.5000
  clock network delay (ideal)            0.0000    17.5000
  clock uncertainty                     -0.0500    17.4500
  uut1/out_reg_64_reg[20]/CK (DFF_X2)    0.0000    17.4500 r
  library setup time                    -0.3298    17.1202
  data required time                               17.1202
  -----------------------------------------------------------
  data required time                               17.1202
  data arrival time                               -16.8117
  -----------------------------------------------------------
  slack (MET)                                       0.3085


1
